2024-08-27 18:41:46 INFO  TC_001_AccountRegistrationTest:13 - ***Starting TC_001_AccountRegistrationTest***
2024-08-27 18:41:46 INFO  TC_001_AccountRegistrationTest:17 - Clicked on My Account Link
2024-08-27 18:41:46 INFO  TC_001_AccountRegistrationTest:19 - CLicked on Register Link
2024-08-27 18:41:46 INFO  TC_001_AccountRegistrationTest:22 - Provide Customer Details..
2024-08-27 18:41:51 INFO  TC_001_AccountRegistrationTest:34 - Validating Excepted Confirmation Message
2024-08-27 18:41:51 INFO  TC_001_AccountRegistrationTest:50 - ***** Finished TC001_AccountRegistrationTest *****
2024-08-27 18:42:50 INFO  TC_001_AccountRegistrationTest:13 - ***Starting TC_001_AccountRegistrationTest***
2024-08-27 18:42:50 INFO  TC_001_AccountRegistrationTest:17 - Clicked on My Account Link
2024-08-27 18:42:51 INFO  TC_001_AccountRegistrationTest:19 - CLicked on Register Link
2024-08-27 18:42:51 INFO  TC_001_AccountRegistrationTest:22 - Provide Customer Details..
2024-08-27 18:42:56 INFO  TC_001_AccountRegistrationTest:34 - Validating Excepted Confirmation Message
2024-08-27 18:42:56 INFO  TC_001_AccountRegistrationTest:39 - Test Passed....
2024-08-27 18:42:56 INFO  TC_001_AccountRegistrationTest:51 - ***** Finished TC001_AccountRegistrationTest *****
2024-08-27 18:43:36 INFO  TC_001_AccountRegistrationTest:13 - ***Starting TC_001_AccountRegistrationTest***
2024-08-27 18:43:36 INFO  TC_001_AccountRegistrationTest:17 - Clicked on My Account Link
2024-08-27 18:43:36 INFO  TC_001_AccountRegistrationTest:19 - CLicked on Register Link
2024-08-27 18:43:36 INFO  TC_001_AccountRegistrationTest:22 - Provide Customer Details..
2024-08-27 18:43:41 INFO  TC_001_AccountRegistrationTest:34 - Validating Excepted Confirmation Message
2024-08-27 18:43:41 ERROR TC_001_AccountRegistrationTest:42 - Test failed..
2024-08-27 18:43:41 INFO  TC_001_AccountRegistrationTest:51 - ***** Finished TC001_AccountRegistrationTest *****
